<?xml version="1.0" encoding="UTF-8"?>
<!-- Generated by org.testng.reporters.JUnitXMLReporter -->
<testsuite hostname="LAPTOP-2BBC8N4P" ignored="0" name="Command line test" tests="3" failures="0" timestamp="2021-01-21T18:49:13 CST" time="23.172" errors="0">
  <testcase name="validateHomePageTitleTest" time="0.013" classname="com.crm.qa.testcases.HomePageTest"/>
  <testcase name="validateLoginPageTitleTest" time="0.005" classname="com.crm.qa.testcases.LoginPageTest"/>
  <testcase name="loginTest" time="1.334" classname="com.crm.qa.testcases.LoginPageTest"/>
</testsuite> <!-- Command line test -->
